<?xml version="1.0" encoding="UTF-8"?>
<testng-results ignored="0" total="11" passed="11" failed="0" skipped="0">
  <reporter-output>
  </reporter-output>
  <suite started-at="2025-11-21T17:55:21 CST" name="TAMUT Test Suite" finished-at="2025-11-21T17:56:25 CST" duration-ms="64408">
    <groups>
    </groups>
    <test started-at="2025-11-21T17:55:21 CST" name="Test Case 1" finished-at="2025-11-21T17:55:27 CST" duration-ms="6120">
      <class name="testing.demo.project2.TestCase1">
        <test-method is-config="true" signature="setupClass()[pri:0, instance:testing.demo.project2.TestCase1@5bf0d49]" started-at="2025-11-21T17:55:21 CST" name="setupClass" finished-at="2025-11-21T17:55:21 CST" duration-ms="7" status="PASS">
          <reporter-output>
          </reporter-output>
        </test-method> <!-- setupClass -->
        <test-method is-config="true" signature="setup()[pri:0, instance:testing.demo.project2.TestCase1@5bf0d49]" started-at="2025-11-21T17:55:21 CST" name="setup" finished-at="2025-11-21T17:55:26 CST" duration-ms="5414" status="PASS">
          <reporter-output>
          </reporter-output>
        </test-method> <!-- setup -->
        <test-method signature="testVisitUs()[pri:0, instance:testing.demo.project2.TestCase1@5bf0d49]" started-at="2025-11-21T17:55:26 CST" name="testVisitUs" finished-at="2025-11-21T17:55:27 CST" duration-ms="531" status="PASS">
          <reporter-output>
          </reporter-output>
        </test-method> <!-- testVisitUs -->
        <test-method is-config="true" signature="tearDown()[pri:0, instance:testing.demo.project2.TestCase1@5bf0d49]" started-at="2025-11-21T17:55:27 CST" name="tearDown" finished-at="2025-11-21T17:55:27 CST" duration-ms="143" status="PASS">
          <reporter-output>
          </reporter-output>
        </test-method> <!-- tearDown -->
        <test-method is-config="true" signature="tearDownClass()[pri:0, instance:testing.demo.project2.TestCase1@5bf0d49]" started-at="2025-11-21T17:55:27 CST" name="tearDownClass" finished-at="2025-11-21T17:55:27 CST" duration-ms="1" status="PASS">
          <reporter-output>
          </reporter-output>
        </test-method> <!-- tearDownClass -->
      </class> <!-- testing.demo.project2.TestCase1 -->
    </test> <!-- Test Case 1 -->
    <test started-at="2025-11-21T17:55:27 CST" name="Test Case 2" finished-at="2025-11-21T17:55:45 CST" duration-ms="17900">
      <class name="testing.demo.project2.TestCase2">
        <test-method is-config="true" signature="setup()[pri:0, instance:testing.demo.project2.TestCase2@489115ef]" started-at="2025-11-21T17:55:27 CST" name="setup" finished-at="2025-11-21T17:55:32 CST" duration-ms="5554" status="PASS">
          <reporter-output>
          </reporter-output>
        </test-method> <!-- setup -->
        <test-method is-config="true" signature="setupClass()[pri:0, instance:testing.demo.project2.TestCase2@489115ef]" started-at="2025-11-21T17:55:27 CST" name="setupClass" finished-at="2025-11-21T17:55:27 CST" duration-ms="0" status="PASS">
          <reporter-output>
          </reporter-output>
        </test-method> <!-- setupClass -->
        <test-method signature="testComputerSciencePage()[pri:0, instance:testing.demo.project2.TestCase2@489115ef]" started-at="2025-11-21T17:55:32 CST" name="testComputerSciencePage" finished-at="2025-11-21T17:55:33 CST" duration-ms="342" status="PASS">
          <reporter-output>
          </reporter-output>
        </test-method> <!-- testComputerSciencePage -->
        <test-method is-config="true" signature="tearDown()[pri:0, instance:testing.demo.project2.TestCase2@489115ef]" started-at="2025-11-21T17:55:33 CST" name="tearDown" finished-at="2025-11-21T17:55:33 CST" duration-ms="117" status="PASS">
          <reporter-output>
          </reporter-output>
        </test-method> <!-- tearDown -->
        <test-method is-config="true" signature="setup()[pri:0, instance:testing.demo.project2.TestCase2@489115ef]" started-at="2025-11-21T17:55:33 CST" name="setup" finished-at="2025-11-21T17:55:38 CST" duration-ms="5609" status="PASS">
          <reporter-output>
          </reporter-output>
        </test-method> <!-- setup -->
        <test-method signature="testSearchCS()[pri:0, instance:testing.demo.project2.TestCase2@489115ef]" started-at="2025-11-21T17:55:38 CST" name="testSearchCS" finished-at="2025-11-21T17:55:38 CST" duration-ms="21" status="PASS">
          <reporter-output>
          </reporter-output>
        </test-method> <!-- testSearchCS -->
        <test-method is-config="true" signature="tearDown()[pri:0, instance:testing.demo.project2.TestCase2@489115ef]" started-at="2025-11-21T17:55:38 CST" name="tearDown" finished-at="2025-11-21T17:55:38 CST" duration-ms="116" status="PASS">
          <reporter-output>
          </reporter-output>
        </test-method> <!-- tearDown -->
        <test-method is-config="true" signature="setup()[pri:0, instance:testing.demo.project2.TestCase2@489115ef]" started-at="2025-11-21T17:55:38 CST" name="setup" finished-at="2025-11-21T17:55:44 CST" duration-ms="5493" status="PASS">
          <reporter-output>
          </reporter-output>
        </test-method> <!-- setup -->
        <test-method signature="testVisitUs()[pri:0, instance:testing.demo.project2.TestCase2@489115ef]" started-at="2025-11-21T17:55:44 CST" name="testVisitUs" finished-at="2025-11-21T17:55:45 CST" duration-ms="526" status="PASS">
          <reporter-output>
          </reporter-output>
        </test-method> <!-- testVisitUs -->
        <test-method is-config="true" signature="tearDown()[pri:0, instance:testing.demo.project2.TestCase2@489115ef]" started-at="2025-11-21T17:55:45 CST" name="tearDown" finished-at="2025-11-21T17:55:45 CST" duration-ms="114" status="PASS">
          <reporter-output>
          </reporter-output>
        </test-method> <!-- tearDown -->
        <test-method is-config="true" signature="tearDownClass()[pri:0, instance:testing.demo.project2.TestCase2@489115ef]" started-at="2025-11-21T17:55:45 CST" name="tearDownClass" finished-at="2025-11-21T17:55:45 CST" duration-ms="0" status="PASS">
          <reporter-output>
          </reporter-output>
        </test-method> <!-- tearDownClass -->
      </class> <!-- testing.demo.project2.TestCase2 -->
    </test> <!-- Test Case 2 -->
    <test started-at="2025-11-21T17:55:45 CST" name="Test Case 3" finished-at="2025-11-21T17:56:02 CST" duration-ms="17227">
      <class name="testing.demo.project2.TestCase3">
        <test-method is-config="true" signature="setup()[pri:0, instance:testing.demo.project2.TestCase3@ba2f4ec]" started-at="2025-11-21T17:55:45 CST" name="setup" finished-at="2025-11-21T17:55:50 CST" duration-ms="5355" status="PASS">
          <reporter-output>
          </reporter-output>
        </test-method> <!-- setup -->
        <test-method is-config="true" signature="setupClass()[pri:0, instance:testing.demo.project2.TestCase3@ba2f4ec]" started-at="2025-11-21T17:55:45 CST" name="setupClass" finished-at="2025-11-21T17:55:45 CST" duration-ms="0" status="PASS">
          <reporter-output>
          </reporter-output>
        </test-method> <!-- setupClass -->
        <test-method signature="testAcademics()[pri:0, instance:testing.demo.project2.TestCase3@ba2f4ec]" started-at="2025-11-21T17:55:50 CST" name="testAcademics" finished-at="2025-11-21T17:55:50 CST" duration-ms="54" status="PASS">
          <reporter-output>
          </reporter-output>
        </test-method> <!-- testAcademics -->
        <test-method is-config="true" signature="tearDown()[pri:0, instance:testing.demo.project2.TestCase3@ba2f4ec]" started-at="2025-11-21T17:55:50 CST" name="tearDown" finished-at="2025-11-21T17:55:50 CST" duration-ms="137" status="PASS">
          <reporter-output>
          </reporter-output>
        </test-method> <!-- tearDown -->
        <test-method is-config="true" signature="setup()[pri:0, instance:testing.demo.project2.TestCase3@ba2f4ec]" started-at="2025-11-21T17:55:50 CST" name="setup" finished-at="2025-11-21T17:55:55 CST" duration-ms="5307" status="PASS">
          <reporter-output>
          </reporter-output>
        </test-method> <!-- setup -->
        <test-method signature="testComputerScience()[pri:0, instance:testing.demo.project2.TestCase3@ba2f4ec]" started-at="2025-11-21T17:55:55 CST" name="testComputerScience" finished-at="2025-11-21T17:55:56 CST" duration-ms="271" status="PASS">
          <reporter-output>
          </reporter-output>
        </test-method> <!-- testComputerScience -->
        <test-method is-config="true" signature="tearDown()[pri:0, instance:testing.demo.project2.TestCase3@ba2f4ec]" started-at="2025-11-21T17:55:56 CST" name="tearDown" finished-at="2025-11-21T17:55:56 CST" duration-ms="133" status="PASS">
          <reporter-output>
          </reporter-output>
        </test-method> <!-- tearDown -->
        <test-method is-config="true" signature="setup()[pri:0, instance:testing.demo.project2.TestCase3@ba2f4ec]" started-at="2025-11-21T17:55:56 CST" name="setup" finished-at="2025-11-21T17:56:01 CST" duration-ms="5323" status="PASS">
          <reporter-output>
          </reporter-output>
        </test-method> <!-- setup -->
        <test-method signature="testVisitUs()[pri:0, instance:testing.demo.project2.TestCase3@ba2f4ec]" started-at="2025-11-21T17:56:01 CST" name="testVisitUs" finished-at="2025-11-21T17:56:02 CST" duration-ms="509" status="PASS">
          <reporter-output>
          </reporter-output>
        </test-method> <!-- testVisitUs -->
        <test-method is-config="true" signature="tearDown()[pri:0, instance:testing.demo.project2.TestCase3@ba2f4ec]" started-at="2025-11-21T17:56:02 CST" name="tearDown" finished-at="2025-11-21T17:56:02 CST" duration-ms="129" status="PASS">
          <reporter-output>
          </reporter-output>
        </test-method> <!-- tearDown -->
        <test-method is-config="true" signature="tearDownClass()[pri:0, instance:testing.demo.project2.TestCase3@ba2f4ec]" started-at="2025-11-21T17:56:02 CST" name="tearDownClass" finished-at="2025-11-21T17:56:02 CST" duration-ms="1" status="PASS">
          <reporter-output>
          </reporter-output>
        </test-method> <!-- tearDownClass -->
      </class> <!-- testing.demo.project2.TestCase3 -->
    </test> <!-- Test Case 3 -->
    <test started-at="2025-11-21T17:56:02 CST" name="Test Case 4" finished-at="2025-11-21T17:56:13 CST" duration-ms="11362">
      <class name="testing.demo.project2.TestCase4">
        <test-method is-config="true" signature="setupClass()[pri:0, instance:testing.demo.project2.TestCase4@24269709]" started-at="2025-11-21T17:56:02 CST" name="setupClass" finished-at="2025-11-21T17:56:02 CST" duration-ms="1" status="PASS">
          <reporter-output>
          </reporter-output>
        </test-method> <!-- setupClass -->
        <test-method is-config="true" signature="setup()[pri:0, instance:testing.demo.project2.TestCase4@24269709]" started-at="2025-11-21T17:56:02 CST" name="setup" finished-at="2025-11-21T17:56:07 CST" duration-ms="5463" status="PASS">
          <reporter-output>
          </reporter-output>
        </test-method> <!-- setup -->
        <test-method signature="testSearchWomen()[pri:0, instance:testing.demo.project2.TestCase4@24269709]" started-at="2025-11-21T17:56:07 CST" name="testSearchWomen" finished-at="2025-11-21T17:56:07 CST" duration-ms="18" status="PASS">
          <reporter-output>
          </reporter-output>
        </test-method> <!-- testSearchWomen -->
        <test-method is-config="true" signature="tearDown()[pri:0, instance:testing.demo.project2.TestCase4@24269709]" started-at="2025-11-21T17:56:07 CST" name="tearDown" finished-at="2025-11-21T17:56:07 CST" duration-ms="109" status="PASS">
          <reporter-output>
          </reporter-output>
        </test-method> <!-- tearDown -->
        <test-method is-config="true" signature="setup()[pri:0, instance:testing.demo.project2.TestCase4@24269709]" started-at="2025-11-21T17:56:07 CST" name="setup" finished-at="2025-11-21T17:56:13 CST" duration-ms="5390" status="PASS">
          <reporter-output>
          </reporter-output>
        </test-method> <!-- setup -->
        <test-method signature="testWomenPage()[pri:0, instance:testing.demo.project2.TestCase4@24269709]" started-at="2025-11-21T17:56:13 CST" name="testWomenPage" finished-at="2025-11-21T17:56:13 CST" duration-ms="267" status="PASS">
          <reporter-output>
          </reporter-output>
        </test-method> <!-- testWomenPage -->
        <test-method is-config="true" signature="tearDown()[pri:0, instance:testing.demo.project2.TestCase4@24269709]" started-at="2025-11-21T17:56:13 CST" name="tearDown" finished-at="2025-11-21T17:56:13 CST" duration-ms="112" status="PASS">
          <reporter-output>
          </reporter-output>
        </test-method> <!-- tearDown -->
        <test-method is-config="true" signature="tearDownClass()[pri:0, instance:testing.demo.project2.TestCase4@24269709]" started-at="2025-11-21T17:56:13 CST" name="tearDownClass" finished-at="2025-11-21T17:56:13 CST" duration-ms="0" status="PASS">
          <reporter-output>
          </reporter-output>
        </test-method> <!-- tearDownClass -->
      </class> <!-- testing.demo.project2.TestCase4 -->
    </test> <!-- Test Case 4 -->
    <test started-at="2025-11-21T17:56:13 CST" name="Test Case 5" finished-at="2025-11-21T17:56:25 CST" duration-ms="11772">
      <class name="testing.demo.project2.TestCase5">
        <test-method is-config="true" signature="setupClass()[pri:0, instance:testing.demo.project2.TestCase5@279fedbd]" started-at="2025-11-21T17:56:13 CST" name="setupClass" finished-at="2025-11-21T17:56:13 CST" duration-ms="0" status="PASS">
          <reporter-output>
          </reporter-output>
        </test-method> <!-- setupClass -->
        <test-method is-config="true" signature="setup()[pri:0, instance:testing.demo.project2.TestCase5@279fedbd]" started-at="2025-11-21T17:56:13 CST" name="setup" finished-at="2025-11-21T17:56:19 CST" duration-ms="5996" status="PASS">
          <reporter-output>
          </reporter-output>
        </test-method> <!-- setup -->
        <test-method signature="testAlumniPage()[pri:0, instance:testing.demo.project2.TestCase5@279fedbd]" started-at="2025-11-21T17:56:19 CST" name="testAlumniPage" finished-at="2025-11-21T17:56:19 CST" duration-ms="64" status="PASS">
          <reporter-output>
          </reporter-output>
        </test-method> <!-- testAlumniPage -->
        <test-method is-config="true" signature="tearDown()[pri:0, instance:testing.demo.project2.TestCase5@279fedbd]" started-at="2025-11-21T17:56:19 CST" name="tearDown" finished-at="2025-11-21T17:56:19 CST" duration-ms="115" status="PASS">
          <reporter-output>
          </reporter-output>
        </test-method> <!-- tearDown -->
        <test-method is-config="true" signature="setup()[pri:0, instance:testing.demo.project2.TestCase5@279fedbd]" started-at="2025-11-21T17:56:19 CST" name="setup" finished-at="2025-11-21T17:56:25 CST" duration-ms="5244" status="PASS">
          <reporter-output>
          </reporter-output>
        </test-method> <!-- setup -->
        <test-method signature="testWomenPage()[pri:0, instance:testing.demo.project2.TestCase5@279fedbd]" started-at="2025-11-21T17:56:25 CST" name="testWomenPage" finished-at="2025-11-21T17:56:25 CST" duration-ms="220" status="PASS">
          <reporter-output>
          </reporter-output>
        </test-method> <!-- testWomenPage -->
        <test-method is-config="true" signature="tearDown()[pri:0, instance:testing.demo.project2.TestCase5@279fedbd]" started-at="2025-11-21T17:56:25 CST" name="tearDown" finished-at="2025-11-21T17:56:25 CST" duration-ms="130" status="PASS">
          <reporter-output>
          </reporter-output>
        </test-method> <!-- tearDown -->
        <test-method is-config="true" signature="tearDownClass()[pri:0, instance:testing.demo.project2.TestCase5@279fedbd]" started-at="2025-11-21T17:56:25 CST" name="tearDownClass" finished-at="2025-11-21T17:56:25 CST" duration-ms="0" status="PASS">
          <reporter-output>
          </reporter-output>
        </test-method> <!-- tearDownClass -->
      </class> <!-- testing.demo.project2.TestCase5 -->
    </test> <!-- Test Case 5 -->
  </suite> <!-- TAMUT Test Suite -->
</testng-results>
