<?xml version="1.0" encoding="UTF-8"?>
<!-- Generated by org.testng.reporters.JUnitReportReporter -->
<testsuite hostname="DESKTOP-59AK6T9" failures="0" tests="3" name="testing.demo.project2.TestCase3" time="17.218" errors="0" timestamp="2025-11-21T17:56:25 CST" skipped="0">
  <testcase classname="testing.demo.project2.TestCase3" name="testComputerScience" time="5.711"/>
  <testcase classname="testing.demo.project2.TestCase3" name="testAcademics" time="5.514"/>
  <testcase classname="testing.demo.project2.TestCase3" name="testVisitUs" time="5.993"/>
</testsuite> <!-- testing.demo.project2.TestCase3 -->
