<?xml version="1.0" encoding="UTF-8"?>
<!-- Generated by org.testng.reporters.JUnitReportReporter -->
<testsuite hostname="DESKTOP-59AK6T9" failures="0" tests="2" name="testing.demo.project2.TestCase5" time="11.769" errors="0" timestamp="2025-11-21T17:56:25 CST" skipped="0">
  <testcase classname="testing.demo.project2.TestCase5" name="testWomenPage" time="6.331"/>
  <testcase classname="testing.demo.project2.TestCase5" name="testAlumniPage" time="5.438"/>
</testsuite> <!-- testing.demo.project2.TestCase5 -->
