<?xml version="1.0" encoding="UTF-8"?>
<!-- Generated by org.testng.reporters.JUnitReportReporter -->
<testsuite hostname="DESKTOP-59AK6T9" failures="0" tests="3" name="testing.demo.project2.TestCase2" time="17.892" errors="0" timestamp="2025-11-21T17:56:25 CST" skipped="0">
  <testcase classname="testing.demo.project2.TestCase2" name="testVisitUs" time="6.133"/>
  <testcase classname="testing.demo.project2.TestCase2" name="testSearchCS" time="5.747"/>
  <testcase classname="testing.demo.project2.TestCase2" name="testComputerSciencePage" time="6.012"/>
</testsuite> <!-- testing.demo.project2.TestCase2 -->
