<?xml version="1.0" encoding="UTF-8"?>
<!-- Generated by org.testng.reporters.JUnitXMLReporter -->
<testsuite ignored="0" hostname="DESKTOP-59AK6T9" failures="0" tests="3" name="Test Case 2" time="17.9" errors="0" timestamp="2025-11-21T17:55:45 CST">
  <testcase classname="testing.demo.project2.TestCase2" name="testComputerSciencePage" time="0.342"/>
  <testcase classname="testing.demo.project2.TestCase2" name="testSearchCS" time="0.021"/>
  <testcase classname="testing.demo.project2.TestCase2" name="testVisitUs" time="0.526"/>
</testsuite> <!-- Test Case 2 -->
