<?xml version="1.0" encoding="UTF-8"?>
<!-- Generated by org.testng.reporters.JUnitXMLReporter -->
<testsuite ignored="0" hostname="DESKTOP-59AK6T9" failures="0" tests="3" name="Test Case 3" time="17.227" errors="0" timestamp="2025-11-21T17:56:02 CST">
  <testcase classname="testing.demo.project2.TestCase3" name="testAcademics" time="0.054"/>
  <testcase classname="testing.demo.project2.TestCase3" name="testComputerScience" time="0.271"/>
  <testcase classname="testing.demo.project2.TestCase3" name="testVisitUs" time="0.509"/>
</testsuite> <!-- Test Case 3 -->
